[roslaunch][INFO] 2024-07-26 23:32:41,398: Checking log directory for disk usage. This may take a while.
Press Ctrl-C to interrupt
[roslaunch][INFO] 2024-07-26 23:32:41,402: Done checking log file disk usage. Usage is <1GB.
[roslaunch][INFO] 2024-07-26 23:32:41,402: roslaunch starting with args ['/opt/ros/noetic/bin/roslaunch', 'mastering_ros_demo_pkg', 'demo_topic.launch']
[roslaunch][INFO] 2024-07-26 23:32:41,403: roslaunch env is environ({'ALACRITTY_LOG': '/tmp/Alacritty-9217.log', 'ALACRITTY_SOCKET': '/run/user/1000/Alacritty-:0-9217.sock', 'ALACRITTY_WINDOW_ID': '50331653', 'CMAKE_PREFIX_PATH': '/opt/ros/noetic:/home/rafzarf/catkin_ws/devel', 'COLORTERM': 'truecolor', 'DBUS_SESSION_BUS_ADDRESS': 'unix:path=/run/user/1000/bus', 'DESKTOP_SESSION': 'ubuntu', 'DISPLAY': ':0', 'GDMSESSION': 'ubuntu', 'GIO_LAUNCHED_DESKTOP_FILE': '/usr/share/applications/Alacritty.desktop', 'GIO_LAUNCHED_DESKTOP_FILE_PID': '9217', 'GJS_DEBUG_OUTPUT': 'stderr', 'GJS_DEBUG_TOPICS': 'JS ERROR;JS LOG', 'GNOME_DESKTOP_SESSION_ID': 'this-is-deprecated', 'GNOME_SHELL_SESSION_MODE': 'ubuntu', 'GPG_AGENT_INFO': '/run/user/1000/gnupg/S.gpg-agent:0:1', 'GTK_MODULES': 'gail:atk-bridge', 'HOME': '/home/rafzarf', 'IM_CONFIG_PHASE': '1', 'INVOCATION_ID': 'a5ea10695fac42a6843732a1b29c7b70', 'JOURNAL_STREAM': '8:52911', 'LANG': 'en_US.UTF-8', 'LC_ADDRESS': 'id_ID.UTF-8', 'LC_IDENTIFICATION': 'id_ID.UTF-8', 'LC_MEASUREMENT': 'id_ID.UTF-8', 'LC_MONETARY': 'id_ID.UTF-8', 'LC_NAME': 'id_ID.UTF-8', 'LC_NUMERIC': 'id_ID.UTF-8', 'LC_PAPER': 'id_ID.UTF-8', 'LC_TELEPHONE': 'id_ID.UTF-8', 'LC_TIME': 'id_ID.UTF-8', 'LD_LIBRARY_PATH': '/opt/ros/noetic/lib:/home/rafzarf/catkin_ws/devel/lib', 'LESS': '-R', 'LOGNAME': 'rafzarf', 'LSCOLORS': 'Gxfxcxdxbxegedabagacad', 'LS_COLORS': 'rs=0:di=01;34:ln=01;36:mh=00:pi=40;33:so=01;35:do=01;35:bd=40;33;01:cd=40;33;01:or=40;31;01:mi=00:su=37;41:sg=30;43:ca=30;41:tw=30;42:ow=34;42:st=37;44:ex=01;32:*.tar=01;31:*.tgz=01;31:*.arc=01;31:*.arj=01;31:*.taz=01;31:*.lha=01;31:*.lz4=01;31:*.lzh=01;31:*.lzma=01;31:*.tlz=01;31:*.txz=01;31:*.tzo=01;31:*.t7z=01;31:*.zip=01;31:*.z=01;31:*.dz=01;31:*.gz=01;31:*.lrz=01;31:*.lz=01;31:*.lzo=01;31:*.xz=01;31:*.zst=01;31:*.tzst=01;31:*.bz2=01;31:*.bz=01;31:*.tbz=01;31:*.tbz2=01;31:*.tz=01;31:*.deb=01;31:*.rpm=01;31:*.jar=01;31:*.war=01;31:*.ear=01;31:*.sar=01;31:*.rar=01;31:*.alz=01;31:*.ace=01;31:*.zoo=01;31:*.cpio=01;31:*.7z=01;31:*.rz=01;31:*.cab=01;31:*.wim=01;31:*.swm=01;31:*.dwm=01;31:*.esd=01;31:*.jpg=01;35:*.jpeg=01;35:*.mjpg=01;35:*.mjpeg=01;35:*.gif=01;35:*.bmp=01;35:*.pbm=01;35:*.pgm=01;35:*.ppm=01;35:*.tga=01;35:*.xbm=01;35:*.xpm=01;35:*.tif=01;35:*.tiff=01;35:*.png=01;35:*.svg=01;35:*.svgz=01;35:*.mng=01;35:*.pcx=01;35:*.mov=01;35:*.mpg=01;35:*.mpeg=01;35:*.m2v=01;35:*.mkv=01;35:*.webm=01;35:*.ogm=01;35:*.mp4=01;35:*.m4v=01;35:*.mp4v=01;35:*.vob=01;35:*.qt=01;35:*.nuv=01;35:*.wmv=01;35:*.asf=01;35:*.rm=01;35:*.rmvb=01;35:*.flc=01;35:*.avi=01;35:*.fli=01;35:*.flv=01;35:*.gl=01;35:*.dl=01;35:*.xcf=01;35:*.xwd=01;35:*.yuv=01;35:*.cgm=01;35:*.emf=01;35:*.ogv=01;35:*.ogx=01;35:*.aac=00;36:*.au=00;36:*.flac=00;36:*.m4a=00;36:*.mid=00;36:*.midi=00;36:*.mka=00;36:*.mp3=00;36:*.mpc=00;36:*.ogg=00;36:*.ra=00;36:*.wav=00;36:*.oga=00;36:*.opus=00;36:*.spx=00;36:*.xspf=00;36:', 'MANAGERPID': '2651', 'OLDPWD': '/home/rafzarf/catkin_ws/src/mastering_ros_demo_pkg', 'P9K_TTY': 'old', 'PAGER': 'less', 'PAPERSIZE': 'a4', 'PATH': '/opt/ros/noetic/bin:/home/rafzarf/.local/bin:/home/rafzarf/.local/bin:/home/rafzarf/.cargo/bin:/home/rafzarf/.local/bin:/usr/local/sbin:/usr/local/bin:/usr/sbin:/usr/bin:/sbin:/bin:/usr/games:/usr/local/games:/snap/bin', 'PKG_CONFIG_PATH': '/opt/ros/noetic/lib/pkgconfig:/home/rafzarf/catkin_ws/devel/lib/pkgconfig', 'PWD': '/home/rafzarf/catkin_ws/src/mastering_ros_demo_pkg/launch', 'PYTHONPATH': '/opt/ros/noetic/lib/python3/dist-packages:/home/rafzarf/catkin_ws/devel/lib/python3/dist-packages', 'QT_ACCESSIBILITY': '1', 'QT_IM_MODULE': 'ibus', 'ROSLISP_PACKAGE_DIRECTORIES': '/home/rafzarf/catkin_ws/devel/share/common-lisp', 'ROS_DISTRO': 'noetic', 'ROS_ETC_DIR': '/opt/ros/noetic/etc/ros', 'ROS_MASTER_URI': 'http://localhost:11311', 'ROS_PACKAGE_PATH': '/opt/ros/noetic/share:/home/rafzarf/catkin_ws/src/mastering_ros_demo_pkg:/home/rafzarf/catkin_ws/src/mastering_ros_robot_description_pkg', 'ROS_PYTHON_VERSION': '3', 'ROS_ROOT': '/opt/ros/noetic/share/ros', 'ROS_VERSION': '1', 'SESSION_MANAGER': 'local/rafzarf:@/tmp/.ICE-unix/2795,unix/rafzarf:/tmp/.ICE-unix/2795', 'SHELL': '/usr/bin/zsh', 'SHLVL': '2', 'SSH_AGENT_PID': '2755', 'SSH_AUTH_SOCK': '/run/user/1000/keyring/ssh', 'TERM': 'screen-256color', 'TMUX': '/tmp//tmux-1000/default,22209,2', 'TMUX_PANE': '%6', 'TMUX_PLUGIN_MANAGER_PATH': '/home/rafzarf/.tmux/plugins/', 'USER': 'rafzarf', 'USERNAME': 'rafzarf', 'WINDOWID': '50331653', 'WINDOWPATH': '2', 'XAUTHORITY': '/run/user/1000/gdm/Xauthority', 'XDG_CONFIG_DIRS': '/etc/xdg/xdg-ubuntu:/etc/xdg', 'XDG_CURRENT_DESKTOP': 'ubuntu:GNOME', 'XDG_DATA_DIRS': '/usr/share/ubuntu:/usr/local/share/:/usr/share/:/var/lib/snapd/desktop', 'XDG_MENU_PREFIX': 'gnome-', 'XDG_RUNTIME_DIR': '/run/user/1000', 'XDG_SESSION_CLASS': 'user', 'XDG_SESSION_DESKTOP': 'ubuntu', 'XDG_SESSION_TYPE': 'x11', 'XMODIFIERS': '@im=ibus', 'ZSH': '/home/rafzarf/.oh-my-zsh', '_': '/opt/ros/noetic/bin/roslaunch', '_P9K_SSH_TTY': '/dev/pts/6', '_P9K_TTY': '/dev/pts/6', 'tmux_version': '3.0', 'P9K_SSH': '0', 'ROS_LOG_FILENAME': '/home/rafzarf/.ros/log/a6d6d4c8-4b6c-11ef-9b9d-178bf7189c81/roslaunch-rafzarf-62734.log'})
[roslaunch][INFO] 2024-07-26 23:32:41,403: starting in server mode
[roslaunch.parent][INFO] 2024-07-26 23:32:41,403: starting roslaunch parent run
[roslaunch][INFO] 2024-07-26 23:32:41,403: loading roscore config file /opt/ros/noetic/etc/ros/roscore.xml
[roslaunch][INFO] 2024-07-26 23:32:41,510: Added core node of type [rosout/rosout] in namespace [/]
[roslaunch.config][INFO] 2024-07-26 23:32:41,510: loading config file /home/rafzarf/catkin_ws/src/mastering_ros_demo_pkg/launch/demo_topic.launch
[roslaunch][ERROR] 2024-07-26 23:32:41,511: RLException: Invalid roslaunch XML syntax: not well-formed (invalid token): line 3, column 9
[roslaunch][ERROR] 2024-07-26 23:32:41,511: The traceback for the exception was written to the log file
[roslaunch][ERROR] 2024-07-26 23:32:41,512: Traceback (most recent call last):
  File "/opt/ros/noetic/lib/python3/dist-packages/roslaunch/xmlloader.py", line 741, in _parse_launch
    root = parse(filename).getElementsByTagName('launch')
  File "/usr/lib/python3.8/xml/dom/minidom.py", line 1959, in parse
    return expatbuilder.parse(file)
  File "/usr/lib/python3.8/xml/dom/expatbuilder.py", line 911, in parse
    result = builder.parseFile(fp)
  File "/usr/lib/python3.8/xml/dom/expatbuilder.py", line 207, in parseFile
    parser.Parse(buffer, 0)
xml.parsers.expat.ExpatError: not well-formed (invalid token): line 3, column 9

During handling of the above exception, another exception occurred:

Traceback (most recent call last):
  File "/opt/ros/noetic/lib/python3/dist-packages/roslaunch/config.py", line 461, in load_config_default
    loader.load(f, config, argv=args, verbose=verbose)
  File "/opt/ros/noetic/lib/python3/dist-packages/roslaunch/xmlloader.py", line 761, in load
    launch = self._parse_launch(filename, verbose)
  File "/opt/ros/noetic/lib/python3/dist-packages/roslaunch/xmlloader.py", line 743, in _parse_launch
    raise XmlParseException("Invalid roslaunch XML syntax: %s"%e)
roslaunch.xmlloader.XmlParseException: Invalid roslaunch XML syntax: not well-formed (invalid token): line 3, column 9

During handling of the above exception, another exception occurred:

Traceback (most recent call last):
  File "/opt/ros/noetic/lib/python3/dist-packages/roslaunch/__init__.py", line 347, in main
    p.start()
  File "/opt/ros/noetic/lib/python3/dist-packages/roslaunch/parent.py", line 305, in start
    self._start_infrastructure()
  File "/opt/ros/noetic/lib/python3/dist-packages/roslaunch/parent.py", line 254, in _start_infrastructure
    self._load_config()
  File "/opt/ros/noetic/lib/python3/dist-packages/roslaunch/parent.py", line 156, in _load_config
    self.config = roslaunch.config.load_config_default(self.roslaunch_files, self.port,
  File "/opt/ros/noetic/lib/python3/dist-packages/roslaunch/config.py", line 463, in load_config_default
    raise RLException(e)
roslaunch.core.RLException: Invalid roslaunch XML syntax: not well-formed (invalid token): line 3, column 9

[rospy.core][INFO] 2024-07-26 23:32:41,512: signal_shutdown [atexit]
